jax.errors.SimplifiedTraceback: For simplicity, JAX has removed its internal frames from the traceback of the following exception. Set JAX_TRACEBACK_FILTERING=off to include these.
The above exception was the direct cause of the following exception:
TypeError: Stachenfel2023.compute_loss() takes 4 positional arguments but 5 were given
